<?xml version="1.0" encoding="UTF-8"?>
<!-- Generated by org.testng.reporters.JUnitReportReporter -->
<testsuite hostname="INSISCILT-4405" failures="0" tests="1" name="com.rest.Pipeline_Demo" time="2.530" errors="0" timestamp="25 Aug 2021 08:26:48 GMT">
  <testcase classname="com.rest.Pipeline_Demo" name="get" time="2.530"/>
</testsuite> <!-- com.rest.Pipeline_Demo -->
