<?xml version="1.0" encoding="UTF-8"?>
<!-- Generated by org.testng.reporters.JUnitReportReporter -->
<testsuite hostname="INSISCILT-4405" failures="0" tests="1" name="com.rest.RunParameters" time="0.018" errors="0" timestamp="25 Aug 2021 08:41:28 GMT">
  <testcase classname="com.rest.RunParameters" name="runParameters" time="0.018"/>
</testsuite> <!-- com.rest.RunParameters -->
