<?xml version="1.0" encoding="UTF-8"?>
<!-- Generated by org.testng.reporters.JUnitReportReporter -->
<testsuite hostname="INSISCILT-4405" failures="0" tests="1" name="com.restassured.Get" time="1.204" errors="0" timestamp="23 Aug 2021 10:49:41 GMT">
  <testcase classname="com.restassured.Get" name="getAll" time="1.204"/>
</testsuite> <!-- com.restassured.Get -->
